<?xml version="1.0" encoding="UTF-8"?>
<!-- Generated by org.testng.reporters.JUnitXMLReporter -->
<testsuite hostname="DLLA1426" ignored="0" name="Default test" tests="3" failures="0" timestamp="20 Mar 2020 13:58:55 GMT" time="0.042" errors="0">
  <testcase name="checkMaximumLengthOfPassword" time="0.006" classname="com.qait.tdd.SampleProject.PasswordValidationTest"/>
  <testcase name="checkMinimumLengthOfPassword" time="0.002" classname="com.qait.tdd.SampleProject.PasswordValidationTest"/>
  <testcase name="checkPasswordIsNotnull" time="0.002" classname="com.qait.tdd.SampleProject.PasswordValidationTest"/>
</testsuite> <!-- Default test -->
