<?xml version="1.0" encoding="UTF-8"?>
<testng-results skipped="0" failed="0" ignored="0" total="3" passed="3">
  <reporter-output>
  </reporter-output>
  <suite name="Default suite" duration-ms="42" started-at="2020-03-20T13:58:55Z" finished-at="2020-03-20T13:58:55Z">
    <groups>
    </groups>
    <test name="Default test" duration-ms="42" started-at="2020-03-20T13:58:55Z" finished-at="2020-03-20T13:58:55Z">
      <class name="com.qait.tdd.SampleProject.PasswordValidationTest">
        <test-method status="PASS" signature="setup()[pri:0, instance:com.qait.tdd.SampleProject.PasswordValidationTest@482f8f11]" name="setup" is-config="true" duration-ms="9" started-at="2020-03-20T19:28:55Z" finished-at="2020-03-20T19:28:55Z">
          <reporter-output>
          </reporter-output>
        </test-method> <!-- setup -->
        <test-method status="PASS" signature="checkMaximumLengthOfPassword()[pri:0, instance:com.qait.tdd.SampleProject.PasswordValidationTest@482f8f11]" name="checkMaximumLengthOfPassword" duration-ms="6" started-at="2020-03-20T19:28:55Z" finished-at="2020-03-20T19:28:55Z">
          <reporter-output>
          </reporter-output>
        </test-method> <!-- checkMaximumLengthOfPassword -->
        <test-method status="PASS" signature="checkMinimumLengthOfPassword()[pri:0, instance:com.qait.tdd.SampleProject.PasswordValidationTest@482f8f11]" name="checkMinimumLengthOfPassword" duration-ms="2" started-at="2020-03-20T19:28:55Z" finished-at="2020-03-20T19:28:55Z">
          <reporter-output>
          </reporter-output>
        </test-method> <!-- checkMinimumLengthOfPassword -->
        <test-method status="PASS" signature="checkPasswordIsNotnull()[pri:0, instance:com.qait.tdd.SampleProject.PasswordValidationTest@482f8f11]" name="checkPasswordIsNotnull" duration-ms="2" started-at="2020-03-20T19:28:55Z" finished-at="2020-03-20T19:28:55Z">
          <reporter-output>
          </reporter-output>
        </test-method> <!-- checkPasswordIsNotnull -->
      </class> <!-- com.qait.tdd.SampleProject.PasswordValidationTest -->
    </test> <!-- Default test -->
  </suite> <!-- Default suite -->
</testng-results>
